
Wed Oct 27 22:16:15 2021 -- Case: BINANCE
Estimated PnL: 0.8597222683121117
BINANCE BUY. Margin: 1000.0
FTX SELL.     Margin: 1000.0

Wed Oct 27 22:16:16 2021 -- Case: BINANCE
Estimated PnL: 0.8597222683121117
BINANCE BUY. Margin: 1000.0
FTX SELL.     Margin: 1000.0

Wed Oct 27 22:16:18 2021 -- Case: BINANCE
Estimated PnL: 0.8939332618780327
BINANCE BUY. Margin: 1000.0
FTX SELL.     Margin: 1000.0

Wed Oct 27 22:16:19 2021 -- Case: BINANCE
Estimated PnL: 0.8939332618780327
BINANCE BUY. Margin: 1000.0
FTX SELL.     Margin: 1000.0

Wed Oct 27 22:16:21 2021 -- Case: BINANCE
Estimated PnL: 0.8939332618780327
BINANCE BUY. Margin: 1000.0
FTX SELL.     Margin: 1000.0

Wed Oct 27 22:16:22 2021 -- Case: BINANCE
Estimated PnL: 0.8939332618780327
BINANCE BUY. Margin: 1000.0
FTX SELL.     Margin: 1000.0

Wed Oct 27 22:16:24 2021 -- Case: BINANCE
Estimated PnL: 0.8939332618780327
BINANCE BUY. Margin: 1000.0
FTX SELL.     Margin: 1000.0

Wed Oct 27 22:16:25 2021 -- Case: BINANCE
Estimated PnL: 0.8939332618780327
BINANCE BUY. Margin: 1000.0
FTX SELL.     Margin: 1000.0

Wed Oct 27 22:16:27 2021 -- Case: BINANCE
Estimated PnL: 0.8939332618780327
BINANCE BUY. Margin: 1000.0
FTX SELL.     Margin: 1000.0

Wed Oct 27 22:16:28 2021 -- Case: BINANCE
Estimated PnL: 0.8939332618780327
BINANCE BUY. Margin: 1000.0
FTX SELL.     Margin: 1000.0

Wed Oct 27 22:16:30 2021 -- Case: BINANCE
Estimated PnL: 0.8939332618780327
BINANCE BUY. Margin: 1000.0
FTX SELL.     Margin: 1000.0

Wed Oct 27 22:16:31 2021 -- Case: BINANCE
Estimated PnL: 0.8939332618780327
BINANCE BUY. Margin: 1000.0
FTX SELL.     Margin: 1000.0

Wed Oct 27 22:16:33 2021 -- Case: BINANCE
Estimated PnL: 0.9965662425759092
BINANCE BUY. Margin: 1000.0
FTX SELL.     Margin: 1000.0

Wed Oct 27 22:16:48 2021 -- Case: BINANCE
Estimated PnL: 0.8832980833866486
BINANCE BUY. Margin: 1000.0
FTX SELL.     Margin: 1000.0

Wed Oct 27 22:16:48 2021 -- Case: BINANCE
Estimated PnL: 0.8832980833866486
BINANCE BUY. Margin: 1000.0
FTX SELL.     Margin: 1000.0

Wed Oct 27 22:16:48 2021 -- Case: BINANCE
Estimated PnL: 0.8832980833866486
BINANCE BUY. Margin: 1000.0
FTX SELL.     Margin: 1000.0

Wed Oct 27 22:16:48 2021 -- Case: BINANCE
Estimated PnL: 0.8832980833866486
BINANCE BUY. Margin: 1000.0
FTX SELL.     Margin: 1000.0

Wed Oct 27 22:16:48 2021 -- Case: BINANCE
Estimated PnL: 0.8832980833866486
BINANCE BUY. Margin: 1000.0
FTX SELL.     Margin: 1000.0

Wed Oct 27 22:16:49 2021 -- Case: BINANCE
Estimated PnL: 0.8832980833866486
BINANCE BUY. Margin: 1000.0
FTX SELL.     Margin: 1000.0

Wed Oct 27 22:16:49 2021 -- Case: BINANCE
Estimated PnL: 0.8832980833866486
BINANCE BUY. Margin: 1000.0
FTX SELL.     Margin: 1000.0

Wed Oct 27 22:16:49 2021 -- Case: BINANCE
Estimated PnL: 0.8832980833866486
BINANCE BUY. Margin: 1000.0
FTX SELL.     Margin: 1000.0

Wed Oct 27 22:16:49 2021 -- Case: BINANCE
Estimated PnL: 0.8832980833866486
BINANCE BUY. Margin: 1000.0
FTX SELL.     Margin: 1000.0

Wed Oct 27 22:16:49 2021 -- Case: BINANCE
Estimated PnL: 0.8832980833866486
BINANCE BUY. Margin: 1000.0
FTX SELL.     Margin: 1000.0

Wed Oct 27 22:16:49 2021 -- Case: BINANCE
Estimated PnL: 0.8832980833866486
BINANCE BUY. Margin: 1000.0
FTX SELL.     Margin: 1000.0

Wed Oct 27 22:16:49 2021 -- Case: BINANCE
Estimated PnL: 0.8832980833866486
BINANCE BUY. Margin: 1000.0
FTX SELL.     Margin: 1000.0

Wed Oct 27 22:16:49 2021 -- Case: BINANCE
Estimated PnL: 0.8832980833866486
BINANCE BUY. Margin: 1000.0
FTX SELL.     Margin: 1000.0

Wed Oct 27 22:16:49 2021 -- Case: BINANCE
Estimated PnL: 0.8832980833866486
BINANCE BUY. Margin: 1000.0
FTX SELL.     Margin: 1000.0

Wed Oct 27 22:22:31 2021 -- Case: BINANCE
Estimated PnL: 0.9421236984065899
BINANCE BUY. Margin: 1000.0
FTX SELL.     Margin: 1000.0

Wed Oct 27 22:22:31 2021 -- Case: BINANCE
Estimated PnL: 0.9421236984065899
BINANCE BUY. Margin: 1000.0
FTX SELL.     Margin: 1000.0

Wed Oct 27 22:22:31 2021 -- Case: BINANCE
Estimated PnL: 0.9421236984065899
BINANCE BUY. Margin: 1000.0
FTX SELL.     Margin: 1000.0

Wed Oct 27 22:22:31 2021 -- Case: BINANCE
Estimated PnL: 0.9421236984065899
BINANCE BUY. Margin: 1000.0
FTX SELL.     Margin: 1000.0

Wed Oct 27 22:22:32 2021 -- Case: BINANCE
Estimated PnL: 0.9421236984065899
BINANCE BUY. Margin: 1000.0
FTX SELL.     Margin: 1000.0

Wed Oct 27 22:22:32 2021 -- Case: BINANCE
Estimated PnL: 0.9421236984065899
BINANCE BUY. Margin: 1000.0
FTX SELL.     Margin: 1000.0

Wed Oct 27 22:22:32 2021 -- Case: BINANCE
Estimated PnL: 0.9421236984065899
BINANCE BUY. Margin: 1000.0
FTX SELL.     Margin: 1000.0

Wed Oct 27 22:22:32 2021 -- Case: BINANCE
Estimated PnL: 0.9421236984065899
BINANCE BUY. Margin: 1000.0
FTX SELL.     Margin: 1000.0

Wed Oct 27 22:22:32 2021 -- Case: BINANCE
Estimated PnL: 0.9421236984065899
BINANCE BUY. Margin: 1000.0
FTX SELL.     Margin: 1000.0

Wed Oct 27 22:22:32 2021 -- Case: BINANCE
Estimated PnL: 0.9421236984065899
BINANCE BUY. Margin: 1000.0
FTX SELL.     Margin: 1000.0

Wed Oct 27 22:22:32 2021 -- Case: BINANCE
Estimated PnL: 0.9421236984065899
BINANCE BUY. Margin: 1000.0
FTX SELL.     Margin: 1000.0

Wed Oct 27 22:22:32 2021 -- Case: BINANCE
Estimated PnL: 0.9421236984065899
BINANCE BUY. Margin: 1000.0
FTX SELL.     Margin: 1000.0

Wed Oct 27 22:22:32 2021 -- Case: BINANCE
Estimated PnL: 0.9421236984065899
BINANCE BUY. Margin: 1000.0
FTX SELL.     Margin: 1000.0

Wed Oct 27 22:22:32 2021 -- Case: BINANCE
Estimated PnL: 0.9421236984065899
BINANCE BUY. Margin: 1000.0
FTX SELL.     Margin: 1000.0

Wed Oct 27 22:22:32 2021 -- Case: BINANCE
Estimated PnL: 0.9421236984065899
BINANCE BUY. Margin: 1000.0
FTX SELL.     Margin: 1000.0

Wed Oct 27 22:22:32 2021 -- Case: BINANCE
Estimated PnL: 0.9421236984065899
BINANCE BUY. Margin: 1000.0
FTX SELL.     Margin: 1000.0

Wed Oct 27 22:22:32 2021 -- Case: BINANCE
Estimated PnL: 0.9421236984065899
BINANCE BUY. Margin: 1000.0
FTX SELL.     Margin: 1000.0

Wed Oct 27 22:22:32 2021 -- Case: BINANCE
Estimated PnL: 0.9421236984065899
BINANCE BUY. Margin: 1000.0
FTX SELL.     Margin: 1000.0

Wed Oct 27 22:22:32 2021 -- Case: BINANCE
Estimated PnL: 0.8791343707245005
BINANCE BUY. Margin: 1000.0
FTX SELL.     Margin: 1000.0

Wed Oct 27 22:22:32 2021 -- Case: BINANCE
Estimated PnL: 0.8791343707245005
BINANCE BUY. Margin: 1000.0
FTX SELL.     Margin: 1000.0

Wed Oct 27 22:22:32 2021 -- Case: BINANCE
Estimated PnL: 0.8791343707245005
BINANCE BUY. Margin: 1000.0
FTX SELL.     Margin: 1000.0

Wed Oct 27 22:22:32 2021 -- Case: BINANCE
Estimated PnL: 0.8791343707245005
BINANCE BUY. Margin: 1000.0
FTX SELL.     Margin: 1000.0

Wed Oct 27 22:22:32 2021 -- Case: BINANCE
Estimated PnL: 0.8791343707245005
BINANCE BUY. Margin: 1000.0
FTX SELL.     Margin: 1000.0

Wed Oct 27 22:22:32 2021 -- Case: BINANCE
Estimated PnL: 0.8791343707245005
BINANCE BUY. Margin: 1000.0
FTX SELL.     Margin: 1000.0

Wed Oct 27 22:22:32 2021 -- Case: BINANCE
Estimated PnL: 0.8791343707245005
BINANCE BUY. Margin: 1000.0
FTX SELL.     Margin: 1000.0

Wed Oct 27 22:22:32 2021 -- Case: BINANCE
Estimated PnL: 0.8791343707245005
BINANCE BUY. Margin: 1000.0
FTX SELL.     Margin: 1000.0

Wed Oct 27 22:22:32 2021 -- Case: BINANCE
Estimated PnL: 0.8791343707245005
BINANCE BUY. Margin: 1000.0
FTX SELL.     Margin: 1000.0

Wed Oct 27 22:22:32 2021 -- Case: BINANCE
Estimated PnL: 0.8791343707245005
BINANCE BUY. Margin: 1000.0
FTX SELL.     Margin: 1000.0

Wed Oct 27 22:22:32 2021 -- Case: BINANCE
Estimated PnL: 0.8791343707245005
BINANCE BUY. Margin: 1000.0
FTX SELL.     Margin: 1000.0

Thu Oct 28 21:38:48 2021 -- Case: BINANCE
Estimated PnL: 0.9543614051482336
BINANCE BUY. Margin: 1000.0
FTX SELL.     Margin: 1000.0

Thu Oct 28 21:38:49 2021 -- Case: BINANCE
Estimated PnL: 0.9543614051482336
BINANCE BUY. Margin: 1000.0
FTX SELL.     Margin: 1000.0

Thu Oct 28 21:38:50 2021 -- Case: BINANCE
Estimated PnL: 1.9517013499710174
BINANCE BUY. Margin: 1000.0
FTX SELL.     Margin: 1000.0

Thu Oct 28 21:39:00 2021 -- Case: FTX
Estimated PnL: 4.962299638808986
FTX BUY.     Margin: 1000.0
BINANCE SELL. Margin: 1000.0

Thu Oct 28 21:39:01 2021 -- Case: FTX
Estimated PnL: 4.962299638808986
FTX BUY.     Margin: 1000.0
BINANCE SELL. Margin: 1000.0

Thu Oct 28 21:39:02 2021 -- Case: FTX
Estimated PnL: 2.844572832619292
FTX BUY.     Margin: 1000.0
BINANCE SELL. Margin: 1000.0

Thu Oct 28 21:39:02 2021 -- Case: FTX
Estimated PnL: 2.2578610087325615
FTX BUY.     Margin: 1000.0
BINANCE SELL. Margin: 1000.0

Thu Oct 28 21:39:03 2021 -- Case: FTX
Estimated PnL: 11.324421214862468
FTX BUY.     Margin: 1000.0
BINANCE SELL. Margin: 1000.0

Thu Oct 28 21:39:06 2021 -- Case: FTX
Estimated PnL: 5.312151338029366
FTX BUY.     Margin: 1000.0
BINANCE SELL. Margin: 1000.0
